running egg_info
writing build/object_detection/object_detection.egg-info/PKG-INFO
writing dependency_links to build/object_detection/object_detection.egg-info/dependency_links.txt
writing entry points to build/object_detection/object_detection.egg-info/entry_points.txt
writing requirements to build/object_detection/object_detection.egg-info/requires.txt
writing top-level names to build/object_detection/object_detection.egg-info/top_level.txt
reading manifest file 'build/object_detection/object_detection.egg-info/SOURCES.txt'
writing manifest file 'build/object_detection/object_detection.egg-info/SOURCES.txt'
running build
running build_py
copying object_detection/object_detection_node.py -> /home/robofei/ros2_ws/src/object_detection/build/object_detection/build/lib/object_detection
copying object_detection/__init__.py -> /home/robofei/ros2_ws/src/object_detection/build/object_detection/build/lib/object_detection
running install
running install_lib
running install_data
copying resource/object_detection -> /home/robofei/ros2_ws/src/object_detection/install/object_detection/share/ament_index/resource_index/packages
copying package.xml -> /home/robofei/ros2_ws/src/object_detection/install/object_detection/share/object_detection
copying launch/dual_lidar_launch.py -> /home/robofei/ros2_ws/src/object_detection/install/object_detection/share/object_detection/launch
running install_egg_info
Copying build/object_detection/object_detection.egg-info to /home/robofei/ros2_ws/src/object_detection/install/object_detection/lib/python3.10/site-packages/object_detection-0.0.1-py3.10.egg-info
running install_scripts
Installing object_detection_node script to /home/robofei/ros2_ws/src/object_detection/install/object_detection/lib/object_detection
writing list of installed files to '/home/robofei/ros2_ws/src/object_detection/build/object_detection/install.log'
